TN:
SF:src/components/ConfigPanel.jsx
FN:3,ConfigPanel
FN:22,(anonymous_1)
FN:23,(anonymous_2)
FN:25,(anonymous_3)
FN:31,(anonymous_4)
FN:43,(anonymous_5)
FN:48,(anonymous_6)
FN:58,(anonymous_7)
FN:63,(anonymous_8)
FN:81,(anonymous_9)
FN:87,(anonymous_10)
FN:94,(anonymous_11)
FN:105,(anonymous_12)
FN:117,(anonymous_13)
FNF:14
FNH:8
FNDA:2,ConfigPanel
FNDA:4,(anonymous_1)
FNDA:4,(anonymous_2)
FNDA:1,(anonymous_3)
FNDA:0,(anonymous_4)
FNDA:2,(anonymous_5)
FNDA:0,(anonymous_6)
FNDA:2,(anonymous_7)
FNDA:1,(anonymous_8)
FNDA:4,(anonymous_9)
FNDA:0,(anonymous_10)
FNDA:0,(anonymous_11)
FNDA:0,(anonymous_12)
FNDA:0,(anonymous_13)
DA:8,2
DA:10,2
DA:12,2
DA:22,4
DA:23,4
DA:25,1
DA:31,0
DA:44,2
DA:48,0
DA:59,2
DA:63,1
DA:82,4
DA:87,0
DA:94,0
DA:105,0
DA:117,0
LF:16
LH:10
BRDA:22,0,0,2
BRDA:22,0,1,0
BRDA:23,1,0,2
BRDA:23,1,1,0
BRDA:25,2,0,1
BRDA:25,2,1,0
BRDA:47,3,0,2
BRDA:47,3,1,0
BRDA:54,4,0,2
BRDA:54,4,1,2
BRDA:62,5,0,0
BRDA:62,5,1,2
BRDA:89,6,0,4
BRDA:89,6,1,4
BRDA:108,7,0,2
BRDA:108,7,1,2
BRDA:108,7,2,2
BRDA:114,8,0,0
BRDA:114,8,1,2
BRDA:122,9,0,2
BRDA:122,9,1,0
BRF:21
BRH:14
end_of_record
TN:
SF:src/components/HeaderNav.jsx
FN:8,HeaderNav
FN:11,(anonymous_1)
FN:16,(anonymous_2)
FNF:3
FNH:3
FNDA:1,HeaderNav
FNDA:4,(anonymous_1)
FNDA:1,(anonymous_2)
DA:1,1
DA:9,1
DA:12,4
DA:16,1
LF:4
LH:4
BRDA:14,0,0,1
BRDA:14,0,1,3
BRF:2
BRH:2
end_of_record
TN:
SF:src/components/HistoryList.jsx
FN:5,HistoryList
FN:14,(anonymous_1)
FN:25,(anonymous_2)
FN:57,(anonymous_3)
FNF:4
FNH:4
FNDA:2,HistoryList
FNDA:2,(anonymous_1)
FNDA:4,(anonymous_2)
FNDA:1,(anonymous_3)
DA:12,2
DA:14,2
DA:16,2
DA:18,2
DA:27,4
DA:30,4
DA:58,1
DA:59,1
DA:60,1
DA:61,1
DA:62,1
DA:63,1
DA:64,1
DA:65,1
DA:66,1
DA:67,1
LF:16
LH:16
BRDA:14,0,0,2
BRDA:14,0,1,0
BRDA:27,1,0,4
BRDA:27,1,1,4
BRDA:27,1,2,2
BRDA:29,2,0,2
BRDA:29,2,1,0
BRDA:33,3,0,4
BRDA:33,3,1,0
BRDA:36,4,0,0
BRDA:36,4,1,4
BRDA:38,5,0,4
BRDA:38,5,1,4
BRDA:40,6,0,4
BRDA:40,6,1,2
BRDA:41,7,0,4
BRDA:41,7,1,2
BRDA:56,8,0,2
BRDA:56,8,1,2
BRDA:58,9,0,0
BRDA:58,9,1,1
BRDA:62,10,0,1
BRDA:62,10,1,0
BRDA:63,11,0,0
BRDA:63,11,1,1
BRDA:64,12,0,0
BRDA:64,12,1,1
BRDA:65,13,0,1
BRDA:65,13,1,0
BRDA:75,14,0,2
BRDA:75,14,1,0
BRF:31
BRH:21
end_of_record
TN:
SF:src/components/HomePanel.jsx
FN:3,HomePanel
FNF:1
FNH:1
FNDA:1,HomePanel
DA:6,1
DA:8,1
LF:2
LH:2
BRF:0
BRH:0
end_of_record
TN:
SF:src/components/LobbyPanel.jsx
FN:5,LobbyPanel
FN:29,(anonymous_1)
FN:41,(anonymous_2)
FN:64,(anonymous_3)
FN:73,(anonymous_4)
FN:105,(anonymous_5)
FN:114,(anonymous_6)
FN:137,(anonymous_7)
FN:140,(anonymous_8)
FNF:9
FNH:2
FNDA:1,LobbyPanel
FNDA:0,(anonymous_1)
FNDA:0,(anonymous_2)
FNDA:0,(anonymous_3)
FNDA:0,(anonymous_4)
FNDA:2,(anonymous_5)
FNDA:0,(anonymous_6)
FNDA:0,(anonymous_7)
FNDA:0,(anonymous_8)
DA:9,1
DA:27,1
DA:29,1
DA:30,0
DA:32,0
DA:35,0
DA:36,0
DA:37,0
DA:38,0
DA:39,0
DA:41,0
DA:45,1
DA:49,1
DA:50,0
DA:65,0
DA:73,0
DA:90,1
DA:106,2
DA:114,0
DA:137,0
DA:141,0
DA:142,0
DA:143,0
LF:23
LH:7
BRDA:30,0,0,0
BRDA:30,0,1,0
BRDA:32,1,0,0
BRDA:32,1,1,0
BRDA:32,1,2,0
BRDA:36,2,0,0
BRDA:36,2,1,0
BRDA:45,3,0,1
BRDA:45,3,1,1
BRDA:45,3,2,1
BRDA:49,4,0,0
BRDA:49,4,1,1
BRDA:54,5,0,0
BRDA:54,5,1,0
BRDA:61,6,0,0
BRDA:61,6,1,0
BRDA:77,7,0,0
BRDA:77,7,1,0
BRDA:93,8,0,1
BRDA:93,8,1,1
BRDA:98,9,0,1
BRDA:98,9,1,1
BRDA:102,10,0,1
BRDA:102,10,1,0
BRDA:118,11,0,0
BRDA:118,11,1,1
BRDA:130,12,0,1
BRDA:130,12,1,0
BRDA:130,12,2,0
BRDA:130,12,3,0
BRDA:139,13,0,0
BRDA:139,13,1,0
BRDA:152,14,0,1
BRDA:152,14,1,0
BRDA:152,14,2,0
BRF:35
BRH:12
end_of_record
TN:
SF:src/components/RevealFlow.jsx
FN:1,RevealFlow
FNF:1
FNH:0
FNDA:0,RevealFlow
DA:8,0
LF:1
LH:0
BRDA:11,0,0,0
BRDA:11,0,1,0
BRDA:18,1,0,0
BRDA:18,1,1,0
BRDA:23,2,0,0
BRDA:23,2,1,0
BRF:6
BRH:0
end_of_record
TN:
SF:src/components/TransferPanel.jsx
FN:4,TransferPanel
FN:19,(anonymous_1)
FN:31,(anonymous_2)
FN:37,(anonymous_3)
FN:46,(anonymous_4)
FN:86,(anonymous_5)
FNF:6
FNH:4
FNDA:4,TransferPanel
FNDA:1,(anonymous_1)
FNDA:0,(anonymous_2)
FNDA:1,(anonymous_3)
FNDA:0,(anonymous_4)
FNDA:1,(anonymous_5)
DA:14,4
DA:15,4
DA:16,4
DA:17,4
DA:19,4
DA:20,1
DA:21,1
DA:22,1
DA:27,1
DA:28,1
DA:29,1
DA:30,1
DA:31,1
DA:37,4
DA:38,1
DA:39,1
DA:40,1
DA:41,1
DA:42,1
DA:43,1
DA:44,0
DA:45,0
DA:46,0
DA:48,1
DA:52,4
DA:86,1
LF:26
LH:23
BRDA:42,0,0,1
BRDA:42,1,0,1
BRDA:42,2,0,1
BRDA:42,2,1,0
BRDA:43,3,0,0
BRDA:43,3,1,1
BRDA:43,4,0,1
BRDA:43,4,1,0
BRDA:44,5,0,0
BRDA:44,5,1,0
BRDA:44,6,0,0
BRDA:44,6,1,0
BRDA:73,7,0,4
BRDA:73,7,1,0
BRDA:88,8,0,4
BRDA:88,8,1,0
BRDA:99,9,0,4
BRDA:99,9,1,0
BRDA:99,9,2,0
BRF:19
BRH:8
end_of_record
TN:
SF:src/components/WordsPanel.jsx
FN:4,WordsPanel
FN:18,(anonymous_1)
FN:18,(anonymous_2)
FN:26,(anonymous_3)
FN:27,(anonymous_4)
FN:37,(anonymous_5)
FN:56,(anonymous_6)
FN:71,(anonymous_7)
FN:77,(anonymous_8)
FN:80,(anonymous_9)
FN:82,(anonymous_10)
FN:92,(anonymous_11)
FN:112,(anonymous_12)
FN:133,(anonymous_13)
FN:140,(anonymous_14)
FN:141,(anonymous_15)
FN:157,(anonymous_16)
FN:163,(anonymous_17)
FN:166,(anonymous_18)
FN:168,(anonymous_19)
FN:178,(anonymous_20)
FN:199,(anonymous_21)
FN:205,(anonymous_22)
FN:211,(anonymous_23)
FN:215,(anonymous_24)
FN:217,(anonymous_25)
FN:227,(anonymous_26)
FNF:27
FNH:19
FNDA:9,WordsPanel
FNDA:9,(anonymous_1)
FNDA:18,(anonymous_2)
FNDA:9,(anonymous_3)
FNDA:9,(anonymous_4)
FNDA:9,(anonymous_5)
FNDA:1,(anonymous_6)
FNDA:1,(anonymous_7)
FNDA:1,(anonymous_8)
FNDA:2,(anonymous_9)
FNDA:1,(anonymous_10)
FNDA:0,(anonymous_11)
FNDA:9,(anonymous_12)
FNDA:0,(anonymous_13)
FNDA:1,(anonymous_14)
FNDA:1,(anonymous_15)
FNDA:0,(anonymous_16)
FNDA:0,(anonymous_17)
FNDA:0,(anonymous_18)
FNDA:0,(anonymous_19)
FNDA:0,(anonymous_20)
FNDA:1,(anonymous_21)
FNDA:1,(anonymous_22)
FNDA:1,(anonymous_23)
FNDA:3,(anonymous_24)
FNDA:1,(anonymous_25)
FNDA:0,(anonymous_26)
DA:5,9
DA:15,9
DA:16,9
DA:17,9
DA:18,18
DA:19,9
DA:20,9
DA:21,9
DA:22,9
DA:23,9
DA:24,9
DA:26,9
DA:27,9
DA:29,9
DA:38,9
DA:39,9
DA:57,1
DA:58,1
DA:71,1
DA:78,1
DA:80,2
DA:82,1
DA:83,1
DA:84,1
DA:93,0
DA:94,0
DA:113,9
DA:134,0
DA:135,0
DA:141,1
DA:142,1
DA:143,1
DA:144,1
DA:146,1
DA:157,0
DA:164,0
DA:166,0
DA:168,0
DA:169,0
DA:170,0
DA:179,0
DA:180,0
DA:199,1
DA:205,1
DA:212,1
DA:213,1
DA:215,3
DA:217,1
DA:218,1
DA:219,1
DA:228,0
DA:229,0
LF:52
LH:38
BRDA:19,0,0,9
BRDA:19,0,1,0
BRDA:26,1,0,9
BRDA:26,1,1,0
BRDA:27,2,0,9
BRDA:27,2,1,0
BRDA:38,3,0,9
BRDA:38,3,1,0
BRDA:42,4,0,2
BRDA:42,4,1,7
BRDA:49,5,0,9
BRDA:49,5,1,0
BRDA:58,6,0,1
BRDA:58,6,1,0
BRDA:65,7,0,9
BRDA:65,7,1,2
BRDA:108,8,0,9
BRDA:108,8,1,9
BRDA:115,9,0,0
BRDA:115,9,1,9
BRDA:122,10,0,9
BRDA:122,10,1,9
BRDA:125,11,0,0
BRDA:125,11,1,9
BRDA:146,12,0,0
BRDA:146,12,1,1
BRDA:152,13,0,9
BRDA:152,13,1,0
BRDA:212,14,0,0
BRDA:212,14,1,1
BRDA:212,15,0,1
BRDA:212,15,1,1
BRF:32
BRH:21
end_of_record
TN:
SF:src/components/onboarding/OnboardingOverlay.css
FNF:0
FNH:0
LF:0
LH:0
BRF:0
BRH:0
end_of_record
TN:
SF:src/components/onboarding/OnboardingOverlay.jsx
FN:4,OnboardingOverlay
FN:36,(anonymous_1)
FN:46,(anonymous_2)
FNF:3
FNH:3
FNDA:1,OnboardingOverlay
FNDA:1,(anonymous_1)
FNDA:1,(anonymous_2)
DA:12,1
DA:14,1
DA:15,1
DA:17,1
DA:37,1
DA:38,1
DA:47,1
LF:7
LH:7
BRDA:14,0,0,1
BRDA:14,0,1,0
BRDA:41,1,0,1
BRDA:41,1,1,0
BRDA:47,2,0,1
BRDA:47,2,1,0
BRF:6
BRH:3
end_of_record
TN:
SF:src/constants/storageKeys.js
FNF:0
FNH:0
DA:1,2
LF:1
LH:1
BRF:0
BRH:0
end_of_record
TN:
SF:src/hooks/useGameState.js
FN:6,useGameState
FN:71,(anonymous_1)
FN:72,(anonymous_2)
FN:72,(anonymous_3)
FN:73,(anonymous_4)
FN:73,(anonymous_5)
FN:74,(anonymous_6)
FN:74,(anonymous_7)
FN:74,(anonymous_8)
FNF:9
FNH:1
FNDA:1,useGameState
FNDA:0,(anonymous_1)
FNDA:0,(anonymous_2)
FNDA:0,(anonymous_3)
FNDA:0,(anonymous_4)
FNDA:0,(anonymous_5)
FNDA:0,(anonymous_6)
FNDA:0,(anonymous_7)
FNDA:0,(anonymous_8)
DA:7,1
DA:8,1
DA:16,1
DA:33,1
DA:57,1
DA:72,0
DA:73,0
DA:74,0
LF:8
LH:5
BRDA:72,0,0,0
BRDA:72,0,1,0
BRDA:101,1,0,1
BRDA:101,1,1,1
BRF:4
BRH:2
end_of_record
TN:
SF:src/hooks/game/useGameConfigState.js
FN:5,useGameConfigState
FN:6,(anonymous_1)
FN:22,(anonymous_2)
FNF:3
FNH:3
FNDA:4,useGameConfigState
FNDA:3,(anonymous_1)
FNDA:4,(anonymous_2)
DA:3,1
DA:6,4
DA:7,3
DA:8,3
DA:9,3
DA:10,3
DA:12,4
DA:13,4
DA:14,4
DA:15,4
DA:16,4
DA:17,4
DA:18,4
DA:19,4
DA:22,4
DA:23,4
DA:24,4
DA:25,4
DA:26,4
DA:28,0
DA:30,4
DA:31,4
DA:34,4
LF:23
LH:22
BRDA:7,0,0,0
BRDA:7,0,1,3
BRDA:10,1,0,2
BRDA:10,1,1,1
BRDA:23,2,0,0
BRDA:23,2,1,4
BRDA:25,3,0,4
BRDA:25,3,1,0
BRF:8
BRH:5
end_of_record
TN:
SF:src/hooks/game/useGameLogic.js
FN:6,useGameLogic
FN:39,(anonymous_1)
FN:47,(anonymous_2)
FN:55,(anonymous_3)
FN:63,(anonymous_4)
FN:71,(anonymous_5)
FN:79,(anonymous_6)
FN:86,(anonymous_7)
FN:104,(anonymous_8)
FN:106,(anonymous_9)
FN:116,(anonymous_10)
FN:158,(anonymous_11)
FN:159,(anonymous_12)
FN:164,(anonymous_13)
FNF:14
FNH:14
FNDA:6,useGameLogic
FNDA:3,(anonymous_1)
FNDA:3,(anonymous_2)
FNDA:3,(anonymous_3)
FNDA:3,(anonymous_4)
FNDA:3,(anonymous_5)
FNDA:3,(anonymous_6)
FNDA:2,(anonymous_7)
FNDA:2,(anonymous_8)
FNDA:4,(anonymous_9)
FNDA:2,(anonymous_10)
FNDA:2,(anonymous_11)
FNDA:2,(anonymous_12)
FNDA:1,(anonymous_13)
DA:30,6
DA:31,6
DA:32,6
DA:33,6
DA:34,6
DA:35,6
DA:38,6
DA:40,3
DA:41,3
DA:46,6
DA:48,3
DA:49,3
DA:54,6
DA:56,3
DA:57,3
DA:62,6
DA:64,3
DA:65,3
DA:70,6
DA:72,3
DA:73,3
DA:78,6
DA:80,3
DA:81,3
DA:86,6
DA:87,2
DA:88,2
DA:93,2
DA:100,2
DA:104,2
DA:105,2
DA:106,4
DA:111,2
DA:112,2
DA:113,2
DA:114,2
DA:115,2
DA:116,2
DA:117,2
DA:131,2
DA:132,2
DA:134,2
DA:156,6
DA:157,6
DA:158,6
DA:159,6
DA:160,2
DA:162,6
DA:164,6
DA:165,1
DA:166,1
DA:167,1
DA:168,1
DA:169,1
DA:170,1
DA:173,6
LF:56
LH:56
BRDA:87,0,0,0
BRDA:87,0,1,2
BRDA:88,1,0,0
BRDA:88,1,1,2
BRDA:93,2,0,0
BRDA:93,2,1,2
BRDA:95,3,0,2
BRDA:95,3,1,0
BRDA:100,4,0,2
BRDA:100,4,1,0
BRDA:108,5,0,2
BRDA:108,5,1,2
BRDA:108,6,0,2
BRDA:108,6,1,0
BRDA:115,7,0,2
BRDA:115,7,1,0
BRDA:123,8,0,2
BRDA:123,8,1,0
BRDA:125,9,0,2
BRDA:125,9,1,0
BRF:20
BRH:11
end_of_record
TN:
SF:src/hooks/game/useGamePersistence.js
FN:4,useGamePersistence
FN:24,(anonymous_1)
FN:50,(anonymous_2)
FN:51,(anonymous_3)
FN:65,(anonymous_4)
FNF:5
FNH:5
FNDA:7,useGamePersistence
FNDA:3,(anonymous_1)
FNDA:3,(anonymous_2)
FNDA:3,(anonymous_3)
FNDA:1,(anonymous_4)
DA:20,7
DA:21,7
DA:24,7
DA:25,3
DA:26,3
DA:27,3
DA:28,3
DA:29,3
DA:30,1
DA:31,3
DA:32,3
DA:33,3
DA:35,3
DA:36,3
DA:37,3
DA:42,2
DA:50,7
DA:51,3
DA:52,3
DA:53,1
DA:61,1
DA:62,1
DA:65,7
DA:66,1
DA:67,1
DA:68,1
DA:69,1
DA:71,1
DA:77,1
DA:79,1
DA:80,0
DA:81,1
DA:82,1
DA:83,1
DA:84,1
DA:90,7
LF:36
LH:35
BRDA:26,0,0,3
BRDA:26,0,1,1
BRDA:27,1,0,2
BRDA:27,1,1,1
BRDA:28,2,0,2
BRDA:28,2,1,1
BRDA:29,3,0,1
BRDA:29,3,1,2
BRDA:31,4,0,1
BRDA:31,4,1,2
BRDA:32,5,0,1
BRDA:32,5,1,2
BRDA:33,6,0,1
BRDA:33,6,1,2
BRDA:35,7,0,3
BRDA:35,7,1,1
BRDA:36,8,0,3
BRDA:36,8,1,0
BRDA:37,9,0,2
BRDA:37,9,1,1
BRDA:38,10,0,3
BRDA:38,10,1,1
BRDA:38,10,2,1
BRDA:38,10,3,1
BRDA:52,11,0,2
BRDA:52,11,1,1
BRDA:52,12,0,3
BRDA:52,12,1,2
BRDA:52,12,2,2
BRDA:67,13,0,1
BRDA:67,13,1,0
BRDA:68,14,0,1
BRDA:68,14,1,0
BRDA:69,15,0,1
BRDA:69,15,1,1
BRDA:71,16,0,1
BRDA:71,16,1,0
BRDA:71,17,0,1
BRDA:71,17,1,1
BRDA:71,17,2,0
BRDA:71,17,3,0
BRDA:71,17,4,0
BRDA:71,17,5,0
BRDA:74,18,0,1
BRDA:74,18,1,0
BRDA:77,19,0,0
BRDA:77,19,1,1
BRDA:79,20,0,1
BRDA:79,20,1,0
BRDA:80,21,0,0
BRDA:80,21,1,0
BRDA:81,22,0,1
BRDA:81,22,1,0
BRF:53
BRH:39
end_of_record
